<?xml version="1.0" encoding="UTF-8"?>
<!-- Generated by org.testng.reporters.JUnitReportReporter -->
<testsuite hostname="DESKTOP-3BPQ3RI" failures="0" tests="1" name="runner.MyRunner" time="5.899" errors="0" timestamp="2024-05-18T15:11:48 EDT" skipped="0">
  <testcase classname="runner.MyRunner" name="runScenario" time="5.899"/>
  <system-out/>
</testsuite> <!-- runner.MyRunner -->
