<?xml version="1.0" encoding="UTF-8"?>
<!-- Generated by org.testng.reporters.JUnitReportReporter -->
<testsuite hostname="Asiya" failures="0" tests="1" name="runner.MyRunner" time="7.464" errors="0" timestamp="2024-07-15T19:37:57 EDT" skipped="0">
  <testcase classname="runner.MyRunner" name="runScenario" time="7.464"/>
  <system-out/>
</testsuite> <!-- runner.MyRunner -->
